SF:lib/src/network_usecase.dart
DA:10,2
DA:11,1
DA:18,1
DA:19,2
DA:34,1
DA:36,2
DA:50,1
DA:51,2
DA:55,1
DA:56,2
LF:10
LH:10
end_of_record
SF:lib/core/connection_exceptions.dart
DA:11,3
LF:1
LH:1
end_of_record
SF:lib/src/network_info.dart
DA:25,2
DA:27,2
DA:29,9
DA:32,1
DA:33,1
DA:34,3
DA:39,2
DA:40,4
DA:41,2
DA:42,1
DA:43,3
DA:46,6
DA:47,2
DA:52,2
DA:53,2
DA:54,2
DA:55,2
DA:56,2
DA:57,2
DA:61,1
DA:63,1
DA:64,1
DA:65,3
DA:78,2
DA:80,4
DA:82,2
DA:87,2
DA:89,1
DA:91,1
DA:93,1
DA:95,1
DA:97,1
DA:108,6
DA:111,1
DA:112,2
DA:113,2
LF:36
LH:36
end_of_record
